 [2020-03-08T17:50:40.579] [INFO] Log - Server running
[2020-03-08T17:50:44.843] [INFO] Log - GET on resource /getallusers -  Status code 200
[2020-03-08T17:50:44.843] [INFO] Log - Successfully sent: Status code 200
[2020-03-08T17:51:14.804] [INFO] Log - Server running
[2020-03-08T17:51:57.398] [INFO] Log - Server running
[2020-03-08T17:53:05.163] [INFO] Log - Server running
[2020-03-08T17:53:33.838] [INFO] Log - Server running
[2020-03-08T17:54:08.115] [INFO] Log - Server running
[2020-03-08T17:54:33.844] [INFO] Log - Server running
[2020-03-08T17:55:08.599] [INFO] Log - Server running
[2020-03-08T17:55:25.800] [INFO] Log - Server running
[2020-03-08T17:56:10.793] [INFO] Log - Server running
[2020-03-08T17:56:32.763] [INFO] Log - Server running
[2020-03-08T17:57:09.990] [INFO] Log - Server running
[2020-03-08T17:57:14.784] [INFO] Log - Server running
[2020-03-08T17:57:30.093] [INFO] Log - Server running
[2020-03-08T17:57:59.740] [INFO] Log - Server running
[2020-03-08T17:58:04.618] [INFO] Log - Server running
[2020-03-08T17:58:28.382] [INFO] Log - Server running
[2020-03-08T17:59:19.080] [INFO] Log - Server running
[2020-03-08T17:59:30.944] [INFO] Log - Server running
[2020-03-08T18:00:08.494] [INFO] Log - Server running
[2020-03-08T18:01:40.731] [INFO] Log - Server running
[2020-03-08T18:02:29.494] [INFO] Log - Server running
[2020-03-08T18:02:31.088] [INFO] Log - Server running
[2020-03-08T18:02:35.142] [INFO] Log - GET on resource /getallusers -  Status code 200
[2020-03-08T18:02:35.142] [INFO] Log - Successfully sent: Status code 200
[2020-03-08T18:03:16.560] [INFO] Log - Server running
[2020-03-08T18:03:17.122] [INFO] Log - GET on resource /getallusers -  Status code 200
[2020-03-08T18:03:17.122] [INFO] Log - Successfully returned GET on resource /getallusers -  Status code 200
[2020-03-08T18:03:36.002] [INFO] Log - GET on resource /getuser -  Status code 200
[2020-03-08T18:03:36.002] [INFO] Log - Successfully returned GET on resource /getuser -  Status code 200
[2020-03-08T18:03:37.428] [INFO] Log - GET on resource /getuser -  Status code 200
[2020-03-08T18:03:37.428] [ERROR] Log - GET on resource /getuser -  Status code 400
[2020-03-08T18:30:55.202] [INFO] Log - Server running
[2020-03-08T18:37:12.025] [INFO] Log - Server running
[2020-03-08T18:37:28.664] [INFO] Log - Server running
[2020-03-08T18:37:36.445] [INFO] Log - Server running
[2020-03-08T18:38:25.855] [INFO] Log - Server running
[2020-03-08T18:38:36.857] [INFO] Log - Server running
[2020-03-08T18:39:19.349] [INFO] Log - Server running
[2020-03-08T18:40:29.937] [INFO] Log - Server running
[2020-03-08T18:45:35.484] [INFO] Log - Server running
[2020-03-08T18:46:18.540] [INFO] Log - Server running
[2020-03-08T18:46:33.062] [INFO] Log - Server running
[2020-03-08T18:47:27.639] [INFO] Log - Server running
[2020-03-08T18:48:14.662] [INFO] Log - Server running
[2020-03-08T18:48:42.329] [INFO] Log - Server running
[2020-03-08T18:49:17.264] [INFO] Log - Server running
[2020-03-08T18:49:28.999] [INFO] Log - Server running
[2020-03-08T18:49:31.201] [INFO] Log - Server running
[2020-03-08T18:49:41.172] [INFO] Log - GET on resource /getuser -  Status code 200
[2020-03-08T18:49:41.172] [ERROR] Log - GET on resource /getuser -  Status code 400
[2020-03-08T18:49:45.112] [INFO] Log - GET on resource /getuser -  Status code 200
[2020-03-08T18:49:45.113] [ERROR] Log - GET on resource /getuser -  Status code 400
[2020-03-08T18:49:48.612] [INFO] Log - Server running
[2020-03-08T18:49:49.521] [INFO] Log - GET on resource /getuser -  Status code 200
[2020-03-08T18:49:49.522] [ERROR] Log - GET on resource /getuser -  Status code 400
[2020-03-08T18:49:54.567] [INFO] Log - Server running
[2020-03-08T18:49:55.688] [INFO] Log - GET on resource /getuser -  Status code 200
[2020-03-08T18:49:55.688] [ERROR] Log - GET on resource /getuser -  Status code 400
[2020-03-08T18:50:29.555] [INFO] Log - Server running
[2020-03-08T18:50:30.590] [INFO] Log - GET on resource /getuser -  Status code 200
[2020-03-08T18:50:30.591] [ERROR] Log - GET on resource /getuser -  Status code 400
[2020-03-08T18:50:50.384] [INFO] Log - Server running
[2020-03-08T18:50:51.607] [INFO] Log - GET on resource /getuser -  Status code 200
[2020-03-08T18:50:51.608] [ERROR] Log - GET on resource /getuser -  Status code 400
[2020-03-08T18:51:01.917] [INFO] Log - Server running
[2020-03-08T18:51:12.056] [INFO] Log - Server running
[2020-03-08T18:51:13.260] [INFO] Log - GET on resource /getuser -  Status code 200
[2020-03-08T18:51:13.260] [ERROR] Log - GET on resource /getuser -  Status code 400
[2020-03-08T18:51:20.292] [INFO] Log - Server running
[2020-03-08T18:51:21.191] [INFO] Log - GET on resource /getuser -  Status code 200
[2020-03-08T18:51:21.192] [ERROR] Log - GET on resource /getuser -  Status code 400
[2020-03-08T18:51:37.391] [INFO] Log - Server running
[2020-03-08T18:51:41.750] [INFO] Log - Server running
[2020-03-08T18:51:42.613] [INFO] Log - GET on resource /getuser -  Status code 200
[2020-03-08T18:51:42.614] [ERROR] Log - GET on resource /getuser -  Status code 400
[2020-03-08T18:51:50.756] [INFO] Log - Server running
[2020-03-08T18:51:51.454] [INFO] Log - GET on resource /getuser -  Status code 200
[2020-03-08T18:51:51.454] [ERROR] Log - GET on resource /getuser -  Status code 400
[2020-03-08T18:51:58.218] [INFO] Log - Server running
[2020-03-08T18:52:08.101] [INFO] Log - Server running
[2020-03-08T18:52:16.083] [INFO] Log - Server running
[2020-03-08T18:52:20.035] [INFO] Log - Server running
[2020-03-08T18:52:24.216] [INFO] Log - Request to get user undefined
[2020-03-08T18:52:24.218] [INFO] Log - Server running
[2020-03-08T18:52:44.422] [INFO] Log - Server running
[2020-03-08T18:52:45.452] [INFO] Log - GET on resource /getuser -  Status code 200
[2020-03-08T18:52:45.452] [INFO] Log - Request to get user 001
[2020-03-08T18:52:45.452] [INFO] Log - Successfully returned user001
[2020-03-08T18:52:45.452] [INFO] Log - Successfully returned GET on resource /getuser -  Status code 200
[2020-03-08T18:52:50.916] [INFO] Log - Server running
[2020-03-08T18:52:53.904] [INFO] Log - Server running
[2020-03-08T18:55:10.310] [INFO] Log - Server running
[2020-03-08T18:57:55.735] [INFO] Log - Server running
[2020-03-08T19:01:09.394] [INFO] Log - Server running
[2020-03-08T19:02:00.200] [INFO] Log - Server running
[2020-03-08T19:02:02.781] [INFO] Log - Server running
[2020-03-08T19:02:13.099] [INFO] Log - Server running
[2020-03-08T19:02:30.385] [INFO] Log - Server running
[2020-03-08T19:02:33.504] [INFO] Log - Server running
[2020-03-08T19:04:58.759] [INFO] Log - Server running
[2020-03-08T19:05:03.888] [INFO] Log - Server running
[2020-03-08T19:05:16.783] [INFO] Log - Server running
[2020-03-08T19:05:25.631] [INFO] Log - Server running
[2020-03-08T19:05:37.641] [INFO] Log - Server running
[2020-03-08T19:06:31.263] [INFO] Log - Server running
[2020-03-08T19:09:35.390] [INFO] Log - Server running
[2020-03-08T19:09:52.543] [INFO] Log - Server running
[2020-03-08T19:10:54.033] [INFO] Log - Server running
[2020-03-08T19:12:15.702] [INFO] Log - Server running
[2020-03-08T19:12:19.068] [INFO] Log - Server running
[2020-03-08T19:12:22.669] [INFO] Log - Server running
[2020-03-08T19:13:07.691] [INFO] Log - Server running
[2020-03-08T19:13:29.682] [INFO] Log - Server running
[2020-03-08T19:14:06.183] [INFO] Log - Server running
[2020-03-08T19:14:18.292] [INFO] Log - Server running
[2020-03-08T19:14:36.133] [INFO] Log - Server running
[2020-03-08T19:14:40.893] [INFO] Log - Server running
[2020-03-08T19:14:47.171] [INFO] Log - Server running
[2020-03-08T19:15:02.110] [INFO] Log - Server running
[2020-03-08T19:15:08.638] [INFO] Log - Server running
[2020-03-08T19:15:35.557] [INFO] Log - Server running
[2020-03-08T19:15:49.412] [INFO] Log - Server running
[2020-03-08T19:15:53.413] [INFO] Log - Server running
[2020-03-08T19:16:16.287] [INFO] Log - Server running
[2020-03-08T19:16:40.005] [INFO] Log - Server running
[2020-03-08T19:17:06.407] [INFO] Log - Server running
[2020-03-08T19:18:03.852] [INFO] Log - Server running
[2020-03-08T19:18:13.738] [INFO] Log - Server running
[2020-03-08T19:18:22.037] [INFO] Log - Server running
[2020-03-08T19:18:38.797] [INFO] Log - Server running
[2020-03-08T19:18:42.952] [INFO] Log - Server running
[2020-03-08T19:19:17.808] [INFO] Log - Server running
[2020-03-08T19:19:21.649] [INFO] Log - Server running
[2020-03-08T19:19:21.715] [INFO] Log - GET request on resource / -  Status code 200
[2020-03-08T19:19:21.715] [INFO] Log - Successfully returned GET on resource / -  Status code 200
[2020-03-08T19:19:21.744] [INFO] Log - POST on resource /createUser -  Status code 200
[2020-03-08T19:19:21.779] [INFO] Log - GET on resource /getUser -  Status code 200
[2020-03-08T19:19:21.779] [INFO] Log - Request to get user 010
[2020-03-08T19:19:21.779] [ERROR] Log - GET on resource /getUser -  Status code 400
[2020-03-08T19:19:21.782] [INFO] Log - GET on resource /requestStream -  Status code 200
[2020-03-08T19:19:21.782] [INFO] Log - Request to get user 010
[2020-03-08T19:19:21.782] [ERROR] Log - GET on resource /requestStream -  Status code 400
[2020-03-08T19:19:21.841] [INFO] Log - GET on resource /requestStream -  Status code 200
[2020-03-08T19:19:21.841] [INFO] Log - Request to get user 010
[2020-03-08T19:19:21.841] [ERROR] Log - GET on resource /requestStream -  Status code 400
[2020-03-08T19:19:21.844] [INFO] Log - POST on resource /removeUser -  Status code 200
[2020-03-08T19:19:21.844] [INFO] Log - Request to get user 010
[2020-03-08T19:19:21.844] [ERROR] Log - POST on resource /removeUser -  Status code 400
[2020-03-08T19:20:16.018] [INFO] Log - Server running
[2020-03-08T19:20:19.714] [INFO] Log - Server running
[2020-03-08T19:20:19.775] [INFO] Log - GET request on resource / -  Status code 200
[2020-03-08T19:20:19.775] [INFO] Log - Successfully returned GET on resource / -  Status code 200
[2020-03-08T19:20:19.802] [INFO] Log - POST on resource /createUser -  Status code 200
[2020-03-08T19:20:19.835] [INFO] Log - GET on resource /getUser -  Status code 200
[2020-03-08T19:20:19.835] [INFO] Log - Request to get user 010
[2020-03-08T19:20:19.835] [ERROR] Log - GET on resource /getUser -  Status code 400
[2020-03-08T19:20:19.838] [INFO] Log - GET on resource /requestStream -  Status code 200
[2020-03-08T19:20:19.838] [INFO] Log - Request to get user 010
[2020-03-08T19:20:19.838] [ERROR] Log - GET on resource /requestStream -  Status code 400
[2020-03-08T19:20:19.899] [INFO] Log - GET on resource /requestStream -  Status code 200
[2020-03-08T19:20:19.899] [INFO] Log - Request to get user 010
[2020-03-08T19:20:19.899] [ERROR] Log - GET on resource /requestStream -  Status code 400
[2020-03-08T19:20:19.903] [INFO] Log - POST on resource /removeUser -  Status code 200
[2020-03-08T19:20:19.903] [INFO] Log - Request to get user 010
[2020-03-08T19:20:19.903] [ERROR] Log - POST on resource /removeUser -  Status code 400
[2020-03-08T19:20:26.772] [INFO] Log - Server running
[2020-03-08T19:20:30.222] [INFO] Log - Server running
[2020-03-08T19:20:30.273] [INFO] Log - GET request on resource / -  Status code 200
[2020-03-08T19:20:30.274] [INFO] Log - Successfully returned GET on resource / -  Status code 200
[2020-03-08T19:20:30.300] [INFO] Log - POST on resource /createUser -  Status code 200
[2020-03-08T19:20:30.334] [INFO] Log - GET on resource /getUser -  Status code 200
[2020-03-08T19:20:30.335] [INFO] Log - Request to get user 010
[2020-03-08T19:20:30.335] [ERROR] Log - GET on resource /getUser -  Status code 400
[2020-03-08T19:20:30.338] [INFO] Log - GET on resource /requestStream -  Status code 200
[2020-03-08T19:20:30.338] [INFO] Log - Request to get user 010
[2020-03-08T19:20:30.338] [ERROR] Log - GET on resource /requestStream -  Status code 400
[2020-03-08T19:20:30.340] [INFO] Log - GET on resource /requestStream -  Status code 200
[2020-03-08T19:20:30.340] [INFO] Log - Request to get user 010
[2020-03-08T19:20:30.340] [ERROR] Log - GET on resource /requestStream -  Status code 400
[2020-03-08T19:20:30.342] [INFO] Log - POST on resource /removeUser -  Status code 200
[2020-03-08T19:20:30.342] [INFO] Log - Request to get user 010
[2020-03-08T19:20:30.342] [ERROR] Log - POST on resource /removeUser -  Status code 400
[2020-03-08T19:20:37.541] [INFO] Log - Server running
[2020-03-08T19:20:48.953] [INFO] Log - Server running
[2020-03-08T19:20:49.016] [INFO] Log - GET request on resource / -  Status code 200
[2020-03-08T19:20:49.016] [INFO] Log - Successfully returned GET on resource / -  Status code 200
[2020-03-08T19:20:49.041] [INFO] Log - POST on resource /createUser -  Status code 200
[2020-03-08T19:20:49.074] [INFO] Log - GET on resource /getUser -  Status code 200
[2020-03-08T19:20:49.075] [INFO] Log - Request to get user 010
[2020-03-08T19:20:49.075] [ERROR] Log - GET on resource /getUser -  Status code 400
[2020-03-08T19:20:49.077] [INFO] Log - GET on resource /requestStream -  Status code 200
[2020-03-08T19:20:49.077] [INFO] Log - Request to get user 010
[2020-03-08T19:20:49.077] [ERROR] Log - GET on resource /requestStream -  Status code 400
[2020-03-08T19:20:49.134] [INFO] Log - GET on resource /requestStream -  Status code 200
[2020-03-08T19:20:49.134] [INFO] Log - Request to get user 010
[2020-03-08T19:20:49.134] [ERROR] Log - GET on resource /requestStream -  Status code 400
[2020-03-08T19:20:49.137] [INFO] Log - POST on resource /removeUser -  Status code 200
[2020-03-08T19:20:49.137] [INFO] Log - Request to get user 010
[2020-03-08T19:20:49.137] [ERROR] Log - POST on resource /removeUser -  Status code 400
[2020-03-08T19:21:50.309] [INFO] Log - Server running
[2020-03-08T19:22:01.660] [INFO] Log - Server running
[2020-03-08T19:22:05.052] [INFO] Log - Server running
[2020-03-08T19:22:05.107] [INFO] Log - GET request on resource / -  Status code 200
[2020-03-08T19:22:05.107] [INFO] Log - Successfully returned GET on resource / -  Status code 200
[2020-03-08T19:22:05.132] [INFO] Log - POST on resource /createUser -  Status code 200
[2020-03-08T19:22:05.167] [INFO] Log - GET on resource /getUser -  Status code 200
[2020-03-08T19:22:05.167] [INFO] Log - Request to get user 010
[2020-03-08T19:22:05.167] [ERROR] Log - GET on resource /getUser -  Status code 400
[2020-03-08T19:22:05.170] [INFO] Log - GET on resource /requestStream -  Status code 200
[2020-03-08T19:22:05.170] [INFO] Log - Request to get user 010
[2020-03-08T19:22:05.170] [ERROR] Log - GET on resource /requestStream -  Status code 400
[2020-03-08T19:22:05.229] [INFO] Log - GET on resource /requestStream -  Status code 200
[2020-03-08T19:22:05.229] [INFO] Log - Request to get user 010
[2020-03-08T19:22:05.229] [ERROR] Log - GET on resource /requestStream -  Status code 400
[2020-03-08T19:22:05.232] [INFO] Log - POST on resource /removeUser -  Status code 200
[2020-03-08T19:22:05.232] [INFO] Log - Request to get user 010
[2020-03-08T19:22:05.232] [ERROR] Log - POST on resource /removeUser -  Status code 400
[2020-03-08T19:23:02.896] [INFO] Log - Server running
[2020-03-08T19:23:02.948] [INFO] Log - GET request on resource / -  Status code 200
[2020-03-08T19:23:02.948] [INFO] Log - Successfully returned GET on resource / -  Status code 200
[2020-03-08T19:23:02.974] [INFO] Log - POST on resource /createUser -  Status code 200
[2020-03-08T19:23:03.008] [INFO] Log - GET on resource /getUser -  Status code 200
[2020-03-08T19:23:03.008] [INFO] Log - Request to get user 010
[2020-03-08T19:23:03.008] [ERROR] Log - GET on resource /getUser -  Status code 400
[2020-03-08T19:23:03.011] [INFO] Log - GET on resource /requestStream -  Status code 200
[2020-03-08T19:23:03.011] [INFO] Log - Request to get user 010
[2020-03-08T19:23:03.011] [ERROR] Log - GET on resource /requestStream -  Status code 400
[2020-03-08T19:23:03.067] [INFO] Log - GET on resource /requestStream -  Status code 200
[2020-03-08T19:23:03.067] [INFO] Log - Request to get user 010
[2020-03-08T19:23:03.067] [ERROR] Log - GET on resource /requestStream -  Status code 400
[2020-03-08T19:23:03.070] [INFO] Log - POST on resource /removeUser -  Status code 200
[2020-03-08T19:23:03.070] [INFO] Log - Request to get user 010
[2020-03-08T19:23:03.070] [ERROR] Log - POST on resource /removeUser -  Status code 400
[2020-03-08T19:23:17.990] [INFO] Log - Server running
[2020-03-08T19:23:21.429] [INFO] Log - Server running
[2020-03-08T19:23:21.460] [INFO] Log - GET request on resource / -  Status code 200
[2020-03-08T19:23:21.460] [INFO] Log - Successfully returned GET on resource / -  Status code 200
[2020-03-08T19:23:21.486] [INFO] Log - POST on resource /createUser -  Status code 200
[2020-03-08T19:23:21.526] [INFO] Log - GET on resource /getUser -  Status code 200
[2020-03-08T19:23:21.526] [INFO] Log - Request to get user 010
[2020-03-08T19:23:21.526] [ERROR] Log - GET on resource /getUser -  Status code 400
[2020-03-08T19:23:33.231] [INFO] Log - Server running
[2020-03-08T19:23:44.731] [INFO] Log - Server running
[2020-03-08T19:23:44.762] [INFO] Log - GET request on resource / -  Status code 200
[2020-03-08T19:23:44.762] [INFO] Log - Successfully returned GET on resource / -  Status code 200
[2020-03-08T19:23:44.789] [INFO] Log - POST on resource /createUser -  Status code 200
[2020-03-08T19:23:54.889] [INFO] Log - Server running
[2020-03-08T19:24:06.069] [INFO] Log - Server running
[2020-03-08T19:24:06.100] [INFO] Log - GET request on resource / -  Status code 200
[2020-03-08T19:24:06.100] [INFO] Log - Successfully returned GET on resource / -  Status code 200
[2020-03-08T19:24:06.121] [INFO] Log - POST on resource /createUser -  Status code 200
[2020-03-08T19:24:41.330] [INFO] Log - Server running
[2020-03-08T19:24:47.868] [INFO] Log - Server running
[2020-03-08T19:24:47.901] [INFO] Log - GET request on resource / -  Status code 200
[2020-03-08T19:24:47.901] [INFO] Log - Successfully returned GET on resource / -  Status code 200
[2020-03-08T19:24:47.924] [INFO] Log - POST on resource /createUser -  Status code 200
[2020-03-08T19:24:55.783] [INFO] Log - Server running
[2020-03-08T19:25:02.048] [INFO] Log - Server running
[2020-03-08T19:25:05.127] [INFO] Log - Server running
[2020-03-08T19:25:05.158] [INFO] Log - GET request on resource / -  Status code 200
[2020-03-08T19:25:05.158] [INFO] Log - Successfully returned GET on resource / -  Status code 200
[2020-03-08T19:25:05.181] [INFO] Log - POST on resource /createUser -  Status code 200
[2020-03-08T19:25:40.358] [INFO] Log - Server running
[2020-03-08T19:25:49.501] [INFO] Log - Server running
[2020-03-08T19:25:58.659] [INFO] Log - Server running
[2020-03-08T19:26:02.199] [INFO] Log - Server running
[2020-03-08T19:26:02.230] [INFO] Log - GET request on resource / -  Status code 200
[2020-03-08T19:26:02.230] [INFO] Log - Successfully returned GET on resource / -  Status code 200
[2020-03-08T19:26:02.250] [INFO] Log - POST on resource /createUser -  Status code 200
[2020-03-08T19:26:36.928] [INFO] Log - Server running
[2020-03-08T19:26:40.509] [INFO] Log - Server running
[2020-03-08T19:26:40.536] [INFO] Log - GET request on resource / -  Status code 200
[2020-03-08T19:26:40.537] [INFO] Log - Successfully returned GET on resource / -  Status code 200
[2020-03-08T19:27:07.039] [INFO] Log - Server running
[2020-03-08T19:27:10.702] [INFO] Log - Server running
[2020-03-08T19:27:10.733] [INFO] Log - GET request on resource / -  Status code 200
[2020-03-08T19:27:10.733] [INFO] Log - Successfully returned GET on resource / -  Status code 200
[2020-03-08T19:27:10.754] [INFO] Log - POST on resource /createUser -  Status code 200
